<?xml version="1.0" encoding="UTF-8" ?>
<testsuite errors="0" failures="0" hostname="Normans-MBP" name="expressivo.ExpressionTest" skipped="0" tests="10" time="0.175" timestamp="2017-03-21T19:16:29">
  <properties>
    <property name="java.vendor" value="Oracle Corporation" />
    <property name="sun.java.launcher" value="SUN_STANDARD" />
    <property name="sun.management.compiler" value="HotSpot 64-Bit Tiered Compilers" />
    <property name="build.sysclasspath" value="ignore" />
    <property name="os.name" value="Mac OS X" />
    <property name="sun.boot.class.path" value="/Library/Java/JavaVirtualMachines/jdk1.8.0_121.jdk/Contents/Home/jre/lib/resources.jar:/Library/Java/JavaVirtualMachines/jdk1.8.0_121.jdk/Contents/Home/jre/lib/rt.jar:/Library/Java/JavaVirtualMachines/jdk1.8.0_121.jdk/Contents/Home/jre/lib/sunrsasign.jar:/Library/Java/JavaVirtualMachines/jdk1.8.0_121.jdk/Contents/Home/jre/lib/jsse.jar:/Library/Java/JavaVirtualMachines/jdk1.8.0_121.jdk/Contents/Home/jre/lib/jce.jar:/Library/Java/JavaVirtualMachines/jdk1.8.0_121.jdk/Contents/Home/jre/lib/charsets.jar:/Library/Java/JavaVirtualMachines/jdk1.8.0_121.jdk/Contents/Home/jre/lib/jfr.jar:/Library/Java/JavaVirtualMachines/jdk1.8.0_121.jdk/Contents/Home/jre/classes" />
    <property name="final.grading" value="true" />
    <property name="java.vm.specification.vendor" value="Oracle Corporation" />
    <property name="ant.home" value="/Applications/Eclipse.app/Contents/Eclipse/plugins/org.apache.ant_1.9.6.v201510161327" />
    <property name="java.runtime.version" value="1.8.0_121-b13" />
    <property name="user.name" value="Norm" />
    <property name="ant.build.javac.target" value="1.8" />
    <property name="user.language" value="en" />
    <property name="sun.boot.library.path" value="/Library/Java/JavaVirtualMachines/jdk1.8.0_121.jdk/Contents/Home/jre/lib" />
    <property name="grader.report.file" value="my-grader-report.xml" />
    <property name="ant.project.default-target" value="all" />
    <property name="java.version" value="1.8.0_121" />
    <property name="user.timezone" value="" />
    <property name="sun.arch.data.model" value="64" />
    <property name="http.nonProxyHosts" value="local|*.local|169.254/16|*.169.254/16" />
    <property name="java.endorsed.dirs" value="/Library/Java/JavaVirtualMachines/jdk1.8.0_121.jdk/Contents/Home/jre/lib/endorsed" />
    <property name="sun.cpu.isalist" value="" />
    <property name="sun.jnu.encoding" value="UTF-8" />
    <property name="file.encoding.pkg" value="sun.io" />
    <property name="file.separator" value="/" />
    <property name="java.specification.name" value="Java Platform API Specification" />
    <property name="java.class.version" value="52.0" />
    <property name="user.country" value="US" />
    <property name="java.home" value="/Library/Java/JavaVirtualMachines/jdk1.8.0_121.jdk/Contents/Home/jre" />
    <property name="java.vm.info" value="mixed mode" />
    <property name="ant.file" value="/Users/Norm/Documents/workspace/ps1-expressivo/grader.xml" />
    <property name="os.version" value="10.12.3" />
    <property name="final.grader.jar" value="ps1-final-grader.jar" />
    <property name="path.separator" value=":" />
    <property name="java.vm.version" value="25.121-b13" />
    <property name="ant.library.dir" value="/Applications/Eclipse.app/Contents/Eclipse/plugins/org.apache.ant_1.9.6.v201510161327/lib" />
    <property name="java.awt.printerjob" value="sun.lwawt.macosx.CPrinterJob" />
    <property name="sun.io.unicode.encoding" value="UnicodeBig" />
    <property name="awt.toolkit" value="sun.lwawt.macosx.LWCToolkit" />
    <property name="socksNonProxyHosts" value="local|*.local|169.254/16|*.169.254/16" />
    <property name="ftp.nonProxyHosts" value="local|*.local|169.254/16|*.169.254/16" />
    <property name="user.home" value="/Users/Norm" />
    <property name="java.specification.vendor" value="Oracle Corporation" />
    <property name="which.tests.ran" value="BETA + FINAL" />
    <property name="java.library.path" value="/Users/Norm/Library/Java/Extensions:/Library/Java/Extensions:/Network/Library/Java/Extensions:/System/Library/Java/Extensions:/usr/lib/java:." />
    <property name="java.vendor.url" value="http://java.oracle.com/" />
    <property name="java.vm.vendor" value="Oracle Corporation" />
    <property name="gopherProxySet" value="false" />
    <property name="java.runtime.name" value="Java(TM) SE Runtime Environment" />
    <property name="beta.grader.jar" value="ps1-beta-grader.jar" />
    <property name="sun.java.command" value="org.apache.tools.ant.taskdefs.optional.junit.JUnitTestRunner expressivo.ExpressionTest skipNonTests=false filtertrace=true haltOnError=false haltOnFailure=false showoutput=false outputtoformatters=true logfailedtests=true threadid=0 logtestlistenerevents=false formatter=org.apache.tools.ant.taskdefs.optional.junit.XMLJUnitResultFormatter,/Users/Norm/Documents/workspace/ps1-expressivo/.grader/TEST-expressivo.ExpressionTest.xml crashfile=/Users/Norm/Documents/workspace/ps1-expressivo/.grader/junitvmwatcher6132551970094903010.properties propsfile=/Users/Norm/Documents/workspace/ps1-expressivo/.grader/junit4943688855571963187.properties" />
    <property name="java.class.path" value="/Users/Norm/Documents/workspace/ps1-expressivo/lib/junit-4.12.jar:/Users/Norm/Documents/workspace/ps1-expressivo/lib/hamcrest-core-1.3.jar:/Users/Norm/Documents/workspace/ps1-expressivo/lib/parserlib.jar:/Users/Norm/Documents/workspace/ps1-expressivo/.grader/bin-student:/Applications/Eclipse.app/Contents/Eclipse/plugins/org.apache.ant_1.9.6.v201510161327/lib/ant-launcher.jar:/Applications/Eclipse.app/Contents/Eclipse/plugins/org.apache.ant_1.9.6.v201510161327/lib/ant.jar:/Applications/Eclipse.app/Contents/Eclipse/plugins/org.apache.ant_1.9.6.v201510161327/lib/ant-junit.jar:/Applications/Eclipse.app/Contents/Eclipse/plugins/org.apache.ant_1.9.6.v201510161327/lib/ant-junit4.jar" />
    <property name="ant.version" value="Apache Ant(TM) version 1.9.6 compiled on June 29 2015" />
    <property name="project.name" value="ps1-expressivo" />
    <property name="java.vm.specification.name" value="Java Virtual Machine Specification" />
    <property name="java.vm.specification.version" value="1.8" />
    <property name="sun.cpu.endian" value="little" />
    <property name="didit.desc" value="Running your tests against your implementation." />
    <property name="sun.os.patch.level" value="unknown" />
    <property name="java.io.tmpdir" value="/var/folders/lg/llq_fz_s45v8zxkg2dpbnn5r0000gn/T/" />
    <property name="java.vendor.url.bug" value="http://bugreport.sun.com/bugreport/" />
    <property name="os.arch" value="x86_64" />
    <property name="java.awt.graphicsenv" value="sun.awt.CGraphicsEnvironment" />
    <property name="java.ext.dirs" value="/Users/Norm/Library/Java/Extensions:/Library/Java/JavaVirtualMachines/jdk1.8.0_121.jdk/Contents/Home/jre/lib/ext:/Library/Java/Extensions:/Network/Library/Java/Extensions:/System/Library/Java/Extensions:/usr/lib/java" />
    <property name="user.dir" value="/Users/Norm/Documents/workspace/ps1-expressivo" />
    <property name="line.separator" value="&#xa;" />
    <property name="zipfile" value="my-submission.zip" />
    <property name="java.vm.name" value="Java HotSpot(TM) 64-Bit Server VM" />
    <property name="problem.set" value="ps1" />
    <property name="basedir" value="/Users/Norm/Documents/workspace/ps1-expressivo" />
    <property name="ant.java.version" value="1.8" />
    <property name="ant.core.lib" value="/Applications/Eclipse.app/Contents/Eclipse/plugins/org.apache.ant_1.9.6.v201510161327/lib/ant.jar" />
    <property name="file.encoding" value="UTF-8" />
    <property name="java.specification.version" value="1.8" />
    <property name="grader.dir" value=".grader" />
    <property name="ant.project.invoked-targets" value="all" />
  </properties>
  <testcase classname="expressivo.ExpressionTest" name="testNewNumberSmallDecimal" time="0.003" />
  <testcase classname="expressivo.ExpressionTest" name="testNewNumberZero" time="0.0" />
  <testcase classname="expressivo.ExpressionTest" name="testParseEquals" time="0.062" />
  <testcase classname="expressivo.ExpressionTest" name="testNewNumberDecimal" time="0.0" />
  <testcase classname="expressivo.ExpressionTest" name="testParseDecimalFractionsIntegerAdd" time="0.016" />
  <testcase classname="expressivo.ExpressionTest" name="testVariousVariableNames" time="0.012" />
  <testcase classname="expressivo.ExpressionTest" name="testAssertionsEnabled" time="0.0" />
  <testcase classname="expressivo.ExpressionTest" name="testNewNumberWholeNumber" time="0.0" />
  <testcase classname="expressivo.ExpressionTest" name="testParseIntegerVeryLarge" time="0.011" />
  <testcase classname="expressivo.ExpressionTest" name="testParseDecimalVerySmall" time="0.01" />
  <system-out><![CDATA[ROOT:"3"{EXPRESSION:"3"{SUM:"3"{MULTIPLY:"3"{PRIMITIVE:"3"{NUMBER:"3"}}}}}
ROOT:"3"{EXPRESSION:"3"{SUM:"3"{MULTIPLY:"3"{PRIMITIVE:"3"{NUMBER:"3"}}}}}
Does expr 1 equal expr 2: true
The Hashcode expr 1: 1074266112
The Hashcode expr 2: 1074266112
ROOT:"(0.10 + 3 + 38.897 + 74) * x"{EXPRESSION:"(0.10 + 3 + 38.897 + 74) * x"{SUM:"(0.10 + 3 + 38.897 + 74) * x"{MULTIPLY:"(0.10 + 3 + 38.897 + 74) * x"{PRIMITIVE:"(0.10 + 3 + 38.897 + 74) "{EXPRESSION:"0.10 + 3 + 38.897 + 74"{SUM:"0.10 + 3 + 38.897 + 74"{MULTIPLY:"0.10 "{PRIMITIVE:"0.10 "{NUMBER:"0.10",WHITESPACE:" "}},WHITESPACE:" ",MULTIPLY:"3 "{PRIMITIVE:"3 "{NUMBER:"3",WHITESPACE:" "}},WHITESPACE:" ",MULTIPLY:"38.897 "{PRIMITIVE:"38.897 "{NUMBER:"38.897",WHITESPACE:" "}},WHITESPACE:" ",MULTIPLY:"74"{PRIMITIVE:"74"{NUMBER:"74"}}}},WHITESPACE:" "},WHITESPACE:" ",PRIMITIVE:"x"{VARIABLE:"x"}}}}}
(((0.1 + 3.0) + 38.897) + 74.0) * x
ROOT:"x * foo * jigglywiggly * HeLlOwOrLd * x"{EXPRESSION:"x * foo * jigglywiggly * HeLlOwOrLd * x"{SUM:"x * foo * jigglywiggly * HeLlOwOrLd * x"{MULTIPLY:"x * foo * jigglywiggly * HeLlOwOrLd * x"{PRIMITIVE:"x "{VARIABLE:"x",WHITESPACE:" "},WHITESPACE:" ",PRIMITIVE:"foo "{VARIABLE:"foo",WHITESPACE:" "},WHITESPACE:" ",PRIMITIVE:"jigglywiggly "{VARIABLE:"jigglywiggly",WHITESPACE:" "},WHITESPACE:" ",PRIMITIVE:"HeLlOwOrLd "{VARIABLE:"HeLlOwOrLd",WHITESPACE:" "},WHITESPACE:" ",PRIMITIVE:"x"{VARIABLE:"x"}}}}}
left expr: 2.0 is Symbolic: false
right expr: foo is Symbolic: true
left expr: 2.0 * foo is Symbolic: true
right expr: jigglywiggly is Symbolic: true
left expr: 2.0 * foo * jigglywiggly is Symbolic: true
right expr: HeLlOwOrLd is Symbolic: true
left expr: 2.0 * foo * jigglywiggly * HeLlOwOrLd is Symbolic: true
right expr: 2.0 is Symbolic: false
The simplified expression is: 2.0 * foo * jigglywiggly * HeLlOwOrLd * 2.0
ROOT:"9007199254740992"{EXPRESSION:"9007199254740992"{SUM:"9007199254740992"{MULTIPLY:"9007199254740992"{PRIMITIVE:"9007199254740992"{NUMBER:"9007199254740992"}}}}}
9007199254740992
ROOT:"0.000001"{EXPRESSION:"0.000001"{SUM:"0.000001"{MULTIPLY:"0.000001"{PRIMITIVE:"0.000001"{NUMBER:"0.000001"}}}}}
0.0000010
]]></system-out>
  <system-err><![CDATA[]]></system-err>
</testsuite>
