<?xml version="1.0" encoding="UTF-8" ?>
<testsuite errors="0" failures="0" hostname="Normans-MBP" name="expressivo.grader.ExpressionTest" skipped="0" tests="27" time="0.496" timestamp="2017-03-21T19:16:30">
  <properties>
    <property name="java.vendor" value="Oracle Corporation" />
    <property name="sun.java.launcher" value="SUN_STANDARD" />
    <property name="sun.management.compiler" value="HotSpot 64-Bit Tiered Compilers" />
    <property name="build.sysclasspath" value="ignore" />
    <property name="os.name" value="Mac OS X" />
    <property name="sun.boot.class.path" value="/Library/Java/JavaVirtualMachines/jdk1.8.0_121.jdk/Contents/Home/jre/lib/resources.jar:/Library/Java/JavaVirtualMachines/jdk1.8.0_121.jdk/Contents/Home/jre/lib/rt.jar:/Library/Java/JavaVirtualMachines/jdk1.8.0_121.jdk/Contents/Home/jre/lib/sunrsasign.jar:/Library/Java/JavaVirtualMachines/jdk1.8.0_121.jdk/Contents/Home/jre/lib/jsse.jar:/Library/Java/JavaVirtualMachines/jdk1.8.0_121.jdk/Contents/Home/jre/lib/jce.jar:/Library/Java/JavaVirtualMachines/jdk1.8.0_121.jdk/Contents/Home/jre/lib/charsets.jar:/Library/Java/JavaVirtualMachines/jdk1.8.0_121.jdk/Contents/Home/jre/lib/jfr.jar:/Library/Java/JavaVirtualMachines/jdk1.8.0_121.jdk/Contents/Home/jre/classes" />
    <property name="final.grading" value="true" />
    <property name="java.vm.specification.vendor" value="Oracle Corporation" />
    <property name="ant.home" value="/Applications/Eclipse.app/Contents/Eclipse/plugins/org.apache.ant_1.9.6.v201510161327" />
    <property name="java.runtime.version" value="1.8.0_121-b13" />
    <property name="user.name" value="Norm" />
    <property name="ant.build.javac.target" value="1.8" />
    <property name="user.language" value="en" />
    <property name="sun.boot.library.path" value="/Library/Java/JavaVirtualMachines/jdk1.8.0_121.jdk/Contents/Home/jre/lib" />
    <property name="grader.report.file" value="my-grader-report.xml" />
    <property name="ant.project.default-target" value="all" />
    <property name="java.version" value="1.8.0_121" />
    <property name="user.timezone" value="" />
    <property name="sun.arch.data.model" value="64" />
    <property name="http.nonProxyHosts" value="local|*.local|169.254/16|*.169.254/16" />
    <property name="java.endorsed.dirs" value="/Library/Java/JavaVirtualMachines/jdk1.8.0_121.jdk/Contents/Home/jre/lib/endorsed" />
    <property name="sun.cpu.isalist" value="" />
    <property name="sun.jnu.encoding" value="UTF-8" />
    <property name="file.encoding.pkg" value="sun.io" />
    <property name="file.separator" value="/" />
    <property name="java.specification.name" value="Java Platform API Specification" />
    <property name="java.class.version" value="52.0" />
    <property name="user.country" value="US" />
    <property name="java.home" value="/Library/Java/JavaVirtualMachines/jdk1.8.0_121.jdk/Contents/Home/jre" />
    <property name="java.vm.info" value="mixed mode" />
    <property name="ant.file" value="/Users/Norm/Documents/workspace/ps1-expressivo/grader.xml" />
    <property name="os.version" value="10.12.3" />
    <property name="final.grader.jar" value="ps1-final-grader.jar" />
    <property name="path.separator" value=":" />
    <property name="java.vm.version" value="25.121-b13" />
    <property name="ant.library.dir" value="/Applications/Eclipse.app/Contents/Eclipse/plugins/org.apache.ant_1.9.6.v201510161327/lib" />
    <property name="java.awt.printerjob" value="sun.lwawt.macosx.CPrinterJob" />
    <property name="sun.io.unicode.encoding" value="UnicodeBig" />
    <property name="awt.toolkit" value="sun.lwawt.macosx.LWCToolkit" />
    <property name="socksNonProxyHosts" value="local|*.local|169.254/16|*.169.254/16" />
    <property name="ftp.nonProxyHosts" value="local|*.local|169.254/16|*.169.254/16" />
    <property name="user.home" value="/Users/Norm" />
    <property name="java.specification.vendor" value="Oracle Corporation" />
    <property name="which.tests.ran" value="BETA + FINAL" />
    <property name="java.library.path" value="/Users/Norm/Library/Java/Extensions:/Library/Java/Extensions:/Network/Library/Java/Extensions:/System/Library/Java/Extensions:/usr/lib/java:." />
    <property name="java.vendor.url" value="http://java.oracle.com/" />
    <property name="java.vm.vendor" value="Oracle Corporation" />
    <property name="gopherProxySet" value="false" />
    <property name="java.runtime.name" value="Java(TM) SE Runtime Environment" />
    <property name="beta.grader.jar" value="ps1-beta-grader.jar" />
    <property name="sun.java.command" value="org.apache.tools.ant.taskdefs.optional.junit.JUnitTestRunner expressivo.grader.ExpressionTest skipNonTests=false filtertrace=true haltOnError=false haltOnFailure=false showoutput=false outputtoformatters=true logfailedtests=true threadid=0 logtestlistenerevents=false formatter=org.apache.tools.ant.taskdefs.optional.junit.XMLJUnitResultFormatter,/Users/Norm/Documents/workspace/ps1-expressivo/.grader/TEST-expressivo.grader.ExpressionTest.xml crashfile=/Users/Norm/Documents/workspace/ps1-expressivo/.grader/junitvmwatcher3811288667103498033.properties propsfile=/Users/Norm/Documents/workspace/ps1-expressivo/.grader/junit2639394329976406757.properties" />
    <property name="java.class.path" value="/Users/Norm/Documents/workspace/ps1-expressivo/lib/junit-4.12.jar:/Users/Norm/Documents/workspace/ps1-expressivo/lib/hamcrest-core-1.3.jar:/Users/Norm/Documents/workspace/ps1-expressivo/lib/parserlib.jar:/Users/Norm/Documents/workspace/ps1-expressivo/.grader/bin-tests-final:/Users/Norm/Documents/workspace/ps1-expressivo/.grader/bin-student:/Applications/Eclipse.app/Contents/Eclipse/plugins/org.apache.ant_1.9.6.v201510161327/lib/ant-launcher.jar:/Applications/Eclipse.app/Contents/Eclipse/plugins/org.apache.ant_1.9.6.v201510161327/lib/ant.jar:/Applications/Eclipse.app/Contents/Eclipse/plugins/org.apache.ant_1.9.6.v201510161327/lib/ant-junit.jar:/Applications/Eclipse.app/Contents/Eclipse/plugins/org.apache.ant_1.9.6.v201510161327/lib/ant-junit4.jar" />
    <property name="ant.version" value="Apache Ant(TM) version 1.9.6 compiled on June 29 2015" />
    <property name="project.name" value="ps1-expressivo" />
    <property name="java.vm.specification.name" value="Java Virtual Machine Specification" />
    <property name="java.vm.specification.version" value="1.8" />
    <property name="sun.cpu.endian" value="little" />
    <property name="didit.desc" value="Running our tests against your implementation" />
    <property name="sun.os.patch.level" value="unknown" />
    <property name="java.io.tmpdir" value="/var/folders/lg/llq_fz_s45v8zxkg2dpbnn5r0000gn/T/" />
    <property name="java.vendor.url.bug" value="http://bugreport.sun.com/bugreport/" />
    <property name="os.arch" value="x86_64" />
    <property name="java.awt.graphicsenv" value="sun.awt.CGraphicsEnvironment" />
    <property name="java.ext.dirs" value="/Users/Norm/Library/Java/Extensions:/Library/Java/JavaVirtualMachines/jdk1.8.0_121.jdk/Contents/Home/jre/lib/ext:/Library/Java/Extensions:/Network/Library/Java/Extensions:/System/Library/Java/Extensions:/usr/lib/java" />
    <property name="user.dir" value="/Users/Norm/Documents/workspace/ps1-expressivo" />
    <property name="line.separator" value="&#xa;" />
    <property name="zipfile" value="my-submission.zip" />
    <property name="java.vm.name" value="Java HotSpot(TM) 64-Bit Server VM" />
    <property name="problem.set" value="ps1" />
    <property name="basedir" value="/Users/Norm/Documents/workspace/ps1-expressivo" />
    <property name="ant.java.version" value="1.8" />
    <property name="ant.core.lib" value="/Applications/Eclipse.app/Contents/Eclipse/plugins/org.apache.ant_1.9.6.v201510161327/lib/ant.jar" />
    <property name="file.encoding" value="UTF-8" />
    <property name="java.specification.version" value="1.8" />
    <property name="grader.dir" value=".grader" />
    <property name="ant.project.invoked-targets" value="all" />
  </properties>
  <testcase classname="expressivo.grader.ExpressionTest" name="testHashCode[same one variable]" time="0.066" />
  <testcase classname="expressivo.grader.ExpressionTest" name="testEquals[same one variable]" time="0.027" />
  <testcase classname="expressivo.grader.ExpressionTest" name="testToStringConsistent[same one variable]" time="0.021" />
  <testcase classname="expressivo.grader.ExpressionTest" name="testHashCode[same one operator]" time="0.023" />
  <testcase classname="expressivo.grader.ExpressionTest" name="testEquals[same one operator]" time="0.016" />
  <testcase classname="expressivo.grader.ExpressionTest" name="testToStringConsistent[same one operator]" time="0.011" />
  <testcase classname="expressivo.grader.ExpressionTest" name="testHashCode[same expression with numbers/variables/operators]" time="0.015" />
  <testcase classname="expressivo.grader.ExpressionTest" name="testEquals[same expression with numbers/variables/operators]" time="0.011" />
  <testcase classname="expressivo.grader.ExpressionTest" name="testToStringConsistent[same expression with numbers/variables/operators]" time="0.015" />
  <testcase classname="expressivo.grader.ExpressionTest" name="testHashCode[var and same var parenthesized]" time="0.012" />
  <testcase classname="expressivo.grader.ExpressionTest" name="testEquals[var and same var parenthesized]" time="0.011" />
  <testcase classname="expressivo.grader.ExpressionTest" name="testToStringConsistent[var and same var parenthesized]" time="0.01" />
  <testcase classname="expressivo.grader.ExpressionTest" name="testHashCode[one operator and same operator parenthesized]" time="0.013" />
  <testcase classname="expressivo.grader.ExpressionTest" name="testEquals[one operator and same operator parenthesized]" time="0.01" />
  <testcase classname="expressivo.grader.ExpressionTest" name="testToStringConsistent[one operator and same operator parenthesized]" time="0.01" />
  <testcase classname="expressivo.grader.ExpressionTest" name="testHashCode[* + * same as (*)+(*)]" time="0.011" />
  <testcase classname="expressivo.grader.ExpressionTest" name="testEquals[* + * same as (*)+(*)]" time="0.01" />
  <testcase classname="expressivo.grader.ExpressionTest" name="testToStringConsistent[* + * same as (*)+(*)]" time="0.012" />
  <testcase classname="expressivo.grader.ExpressionTest" name="testHashCode[((*)+)* different from * + *]" time="0.009" />
  <testcase classname="expressivo.grader.ExpressionTest" name="testEquals[((*)+)* different from * + *]" time="0.01" />
  <testcase classname="expressivo.grader.ExpressionTest" name="testToStringConsistent[((*)+)* different from * + *]" time="0.009" />
  <testcase classname="expressivo.grader.ExpressionTest" name="testHashCode[+ not commutative under structual equality]" time="0.012" />
  <testcase classname="expressivo.grader.ExpressionTest" name="testEquals[+ not commutative under structual equality]" time="0.015" />
  <testcase classname="expressivo.grader.ExpressionTest" name="testToStringConsistent[+ not commutative under structual equality]" time="0.017" />
  <testcase classname="expressivo.grader.ExpressionTest" name="testHashCode[* not commutative under structual equality]" time="0.018" />
  <testcase classname="expressivo.grader.ExpressionTest" name="testEquals[* not commutative under structual equality]" time="0.018" />
  <testcase classname="expressivo.grader.ExpressionTest" name="testToStringConsistent[* not commutative under structual equality]" time="0.009" />
  <system-out><![CDATA[ROOT:"z"{EXPRESSION:"z"{SUM:"z"{MULTIPLY:"z"{PRIMITIVE:"z"{VARIABLE:"z"}}}}}
ROOT:"z"{EXPRESSION:"z"{SUM:"z"{MULTIPLY:"z"{PRIMITIVE:"z"{VARIABLE:"z"}}}}}
ROOT:"z"{EXPRESSION:"z"{SUM:"z"{MULTIPLY:"z"{PRIMITIVE:"z"{VARIABLE:"z"}}}}}
ROOT:"z"{EXPRESSION:"z"{SUM:"z"{MULTIPLY:"z"{PRIMITIVE:"z"{VARIABLE:"z"}}}}}
ROOT:"z"{EXPRESSION:"z"{SUM:"z"{MULTIPLY:"z"{PRIMITIVE:"z"{VARIABLE:"z"}}}}}
ROOT:"z"{EXPRESSION:"z"{SUM:"z"{MULTIPLY:"z"{PRIMITIVE:"z"{VARIABLE:"z"}}}}}
ROOT:"q + w"{EXPRESSION:"q + w"{SUM:"q + w"{MULTIPLY:"q "{PRIMITIVE:"q "{VARIABLE:"q",WHITESPACE:" "}},WHITESPACE:" ",MULTIPLY:"w"{PRIMITIVE:"w"{VARIABLE:"w"}}}}}
ROOT:"q + w"{EXPRESSION:"q + w"{SUM:"q + w"{MULTIPLY:"q "{PRIMITIVE:"q "{VARIABLE:"q",WHITESPACE:" "}},WHITESPACE:" ",MULTIPLY:"w"{PRIMITIVE:"w"{VARIABLE:"w"}}}}}
ROOT:"q + w"{EXPRESSION:"q + w"{SUM:"q + w"{MULTIPLY:"q "{PRIMITIVE:"q "{VARIABLE:"q",WHITESPACE:" "}},WHITESPACE:" ",MULTIPLY:"w"{PRIMITIVE:"w"{VARIABLE:"w"}}}}}
ROOT:"q + w"{EXPRESSION:"q + w"{SUM:"q + w"{MULTIPLY:"q "{PRIMITIVE:"q "{VARIABLE:"q",WHITESPACE:" "}},WHITESPACE:" ",MULTIPLY:"w"{PRIMITIVE:"w"{VARIABLE:"w"}}}}}
ROOT:"q + w"{EXPRESSION:"q + w"{SUM:"q + w"{MULTIPLY:"q "{PRIMITIVE:"q "{VARIABLE:"q",WHITESPACE:" "}},WHITESPACE:" ",MULTIPLY:"w"{PRIMITIVE:"w"{VARIABLE:"w"}}}}}
ROOT:"q + w"{EXPRESSION:"q + w"{SUM:"q + w"{MULTIPLY:"q "{PRIMITIVE:"q "{VARIABLE:"q",WHITESPACE:" "}},WHITESPACE:" ",MULTIPLY:"w"{PRIMITIVE:"w"{VARIABLE:"w"}}}}}
ROOT:"7.2 * (x * y + 9 * foo)"{EXPRESSION:"7.2 * (x * y + 9 * foo)"{SUM:"7.2 * (x * y + 9 * foo)"{MULTIPLY:"7.2 * (x * y + 9 * foo)"{PRIMITIVE:"7.2 "{NUMBER:"7.2",WHITESPACE:" "},WHITESPACE:" ",PRIMITIVE:"(x * y + 9 * foo)"{EXPRESSION:"x * y + 9 * foo"{SUM:"x * y + 9 * foo"{MULTIPLY:"x * y "{PRIMITIVE:"x "{VARIABLE:"x",WHITESPACE:" "},WHITESPACE:" ",PRIMITIVE:"y "{VARIABLE:"y",WHITESPACE:" "}},WHITESPACE:" ",MULTIPLY:"9 * foo"{PRIMITIVE:"9 "{NUMBER:"9",WHITESPACE:" "},WHITESPACE:" ",PRIMITIVE:"foo"{VARIABLE:"foo"}}}}}}}}}
ROOT:"7.2 * (x * y + 9 * foo)"{EXPRESSION:"7.2 * (x * y + 9 * foo)"{SUM:"7.2 * (x * y + 9 * foo)"{MULTIPLY:"7.2 * (x * y + 9 * foo)"{PRIMITIVE:"7.2 "{NUMBER:"7.2",WHITESPACE:" "},WHITESPACE:" ",PRIMITIVE:"(x * y + 9 * foo)"{EXPRESSION:"x * y + 9 * foo"{SUM:"x * y + 9 * foo"{MULTIPLY:"x * y "{PRIMITIVE:"x "{VARIABLE:"x",WHITESPACE:" "},WHITESPACE:" ",PRIMITIVE:"y "{VARIABLE:"y",WHITESPACE:" "}},WHITESPACE:" ",MULTIPLY:"9 * foo"{PRIMITIVE:"9 "{NUMBER:"9",WHITESPACE:" "},WHITESPACE:" ",PRIMITIVE:"foo"{VARIABLE:"foo"}}}}}}}}}
ROOT:"7.2 * (x * y + 9 * foo)"{EXPRESSION:"7.2 * (x * y + 9 * foo)"{SUM:"7.2 * (x * y + 9 * foo)"{MULTIPLY:"7.2 * (x * y + 9 * foo)"{PRIMITIVE:"7.2 "{NUMBER:"7.2",WHITESPACE:" "},WHITESPACE:" ",PRIMITIVE:"(x * y + 9 * foo)"{EXPRESSION:"x * y + 9 * foo"{SUM:"x * y + 9 * foo"{MULTIPLY:"x * y "{PRIMITIVE:"x "{VARIABLE:"x",WHITESPACE:" "},WHITESPACE:" ",PRIMITIVE:"y "{VARIABLE:"y",WHITESPACE:" "}},WHITESPACE:" ",MULTIPLY:"9 * foo"{PRIMITIVE:"9 "{NUMBER:"9",WHITESPACE:" "},WHITESPACE:" ",PRIMITIVE:"foo"{VARIABLE:"foo"}}}}}}}}}
ROOT:"7.2 * (x * y + 9 * foo)"{EXPRESSION:"7.2 * (x * y + 9 * foo)"{SUM:"7.2 * (x * y + 9 * foo)"{MULTIPLY:"7.2 * (x * y + 9 * foo)"{PRIMITIVE:"7.2 "{NUMBER:"7.2",WHITESPACE:" "},WHITESPACE:" ",PRIMITIVE:"(x * y + 9 * foo)"{EXPRESSION:"x * y + 9 * foo"{SUM:"x * y + 9 * foo"{MULTIPLY:"x * y "{PRIMITIVE:"x "{VARIABLE:"x",WHITESPACE:" "},WHITESPACE:" ",PRIMITIVE:"y "{VARIABLE:"y",WHITESPACE:" "}},WHITESPACE:" ",MULTIPLY:"9 * foo"{PRIMITIVE:"9 "{NUMBER:"9",WHITESPACE:" "},WHITESPACE:" ",PRIMITIVE:"foo"{VARIABLE:"foo"}}}}}}}}}
ROOT:"7.2 * (x * y + 9 * foo)"{EXPRESSION:"7.2 * (x * y + 9 * foo)"{SUM:"7.2 * (x * y + 9 * foo)"{MULTIPLY:"7.2 * (x * y + 9 * foo)"{PRIMITIVE:"7.2 "{NUMBER:"7.2",WHITESPACE:" "},WHITESPACE:" ",PRIMITIVE:"(x * y + 9 * foo)"{EXPRESSION:"x * y + 9 * foo"{SUM:"x * y + 9 * foo"{MULTIPLY:"x * y "{PRIMITIVE:"x "{VARIABLE:"x",WHITESPACE:" "},WHITESPACE:" ",PRIMITIVE:"y "{VARIABLE:"y",WHITESPACE:" "}},WHITESPACE:" ",MULTIPLY:"9 * foo"{PRIMITIVE:"9 "{NUMBER:"9",WHITESPACE:" "},WHITESPACE:" ",PRIMITIVE:"foo"{VARIABLE:"foo"}}}}}}}}}
ROOT:"7.2 * (x * y + 9 * foo)"{EXPRESSION:"7.2 * (x * y + 9 * foo)"{SUM:"7.2 * (x * y + 9 * foo)"{MULTIPLY:"7.2 * (x * y + 9 * foo)"{PRIMITIVE:"7.2 "{NUMBER:"7.2",WHITESPACE:" "},WHITESPACE:" ",PRIMITIVE:"(x * y + 9 * foo)"{EXPRESSION:"x * y + 9 * foo"{SUM:"x * y + 9 * foo"{MULTIPLY:"x * y "{PRIMITIVE:"x "{VARIABLE:"x",WHITESPACE:" "},WHITESPACE:" ",PRIMITIVE:"y "{VARIABLE:"y",WHITESPACE:" "}},WHITESPACE:" ",MULTIPLY:"9 * foo"{PRIMITIVE:"9 "{NUMBER:"9",WHITESPACE:" "},WHITESPACE:" ",PRIMITIVE:"foo"{VARIABLE:"foo"}}}}}}}}}
ROOT:"x"{EXPRESSION:"x"{SUM:"x"{MULTIPLY:"x"{PRIMITIVE:"x"{VARIABLE:"x"}}}}}
ROOT:"((x))"{EXPRESSION:"((x))"{SUM:"((x))"{MULTIPLY:"((x))"{PRIMITIVE:"((x))"{EXPRESSION:"(x)"{SUM:"(x)"{MULTIPLY:"(x)"{PRIMITIVE:"(x)"{EXPRESSION:"x"{SUM:"x"{MULTIPLY:"x"{PRIMITIVE:"x"{VARIABLE:"x"}}}}}}}}}}}}}
ROOT:"x"{EXPRESSION:"x"{SUM:"x"{MULTIPLY:"x"{PRIMITIVE:"x"{VARIABLE:"x"}}}}}
ROOT:"((x))"{EXPRESSION:"((x))"{SUM:"((x))"{MULTIPLY:"((x))"{PRIMITIVE:"((x))"{EXPRESSION:"(x)"{SUM:"(x)"{MULTIPLY:"(x)"{PRIMITIVE:"(x)"{EXPRESSION:"x"{SUM:"x"{MULTIPLY:"x"{PRIMITIVE:"x"{VARIABLE:"x"}}}}}}}}}}}}}
ROOT:"x"{EXPRESSION:"x"{SUM:"x"{MULTIPLY:"x"{PRIMITIVE:"x"{VARIABLE:"x"}}}}}
ROOT:"((x))"{EXPRESSION:"((x))"{SUM:"((x))"{MULTIPLY:"((x))"{PRIMITIVE:"((x))"{EXPRESSION:"(x)"{SUM:"(x)"{MULTIPLY:"(x)"{PRIMITIVE:"(x)"{EXPRESSION:"x"{SUM:"x"{MULTIPLY:"x"{PRIMITIVE:"x"{VARIABLE:"x"}}}}}}}}}}}}}
ROOT:"x + y"{EXPRESSION:"x + y"{SUM:"x + y"{MULTIPLY:"x "{PRIMITIVE:"x "{VARIABLE:"x",WHITESPACE:" "}},WHITESPACE:" ",MULTIPLY:"y"{PRIMITIVE:"y"{VARIABLE:"y"}}}}}
ROOT:"((x + y))"{EXPRESSION:"((x + y))"{SUM:"((x + y))"{MULTIPLY:"((x + y))"{PRIMITIVE:"((x + y))"{EXPRESSION:"(x + y)"{SUM:"(x + y)"{MULTIPLY:"(x + y)"{PRIMITIVE:"(x + y)"{EXPRESSION:"x + y"{SUM:"x + y"{MULTIPLY:"x "{PRIMITIVE:"x "{VARIABLE:"x",WHITESPACE:" "}},WHITESPACE:" ",MULTIPLY:"y"{PRIMITIVE:"y"{VARIABLE:"y"}}}}}}}}}}}}}
ROOT:"x + y"{EXPRESSION:"x + y"{SUM:"x + y"{MULTIPLY:"x "{PRIMITIVE:"x "{VARIABLE:"x",WHITESPACE:" "}},WHITESPACE:" ",MULTIPLY:"y"{PRIMITIVE:"y"{VARIABLE:"y"}}}}}
ROOT:"((x + y))"{EXPRESSION:"((x + y))"{SUM:"((x + y))"{MULTIPLY:"((x + y))"{PRIMITIVE:"((x + y))"{EXPRESSION:"(x + y)"{SUM:"(x + y)"{MULTIPLY:"(x + y)"{PRIMITIVE:"(x + y)"{EXPRESSION:"x + y"{SUM:"x + y"{MULTIPLY:"x "{PRIMITIVE:"x "{VARIABLE:"x",WHITESPACE:" "}},WHITESPACE:" ",MULTIPLY:"y"{PRIMITIVE:"y"{VARIABLE:"y"}}}}}}}}}}}}}
ROOT:"x + y"{EXPRESSION:"x + y"{SUM:"x + y"{MULTIPLY:"x "{PRIMITIVE:"x "{VARIABLE:"x",WHITESPACE:" "}},WHITESPACE:" ",MULTIPLY:"y"{PRIMITIVE:"y"{VARIABLE:"y"}}}}}
ROOT:"((x + y))"{EXPRESSION:"((x + y))"{SUM:"((x + y))"{MULTIPLY:"((x + y))"{PRIMITIVE:"((x + y))"{EXPRESSION:"(x + y)"{SUM:"(x + y)"{MULTIPLY:"(x + y)"{PRIMITIVE:"(x + y)"{EXPRESSION:"x + y"{SUM:"x + y"{MULTIPLY:"x "{PRIMITIVE:"x "{VARIABLE:"x",WHITESPACE:" "}},WHITESPACE:" ",MULTIPLY:"y"{PRIMITIVE:"y"{VARIABLE:"y"}}}}}}}}}}}}}
ROOT:"(4.2 * x) + (y * 5)"{EXPRESSION:"(4.2 * x) + (y * 5)"{SUM:"(4.2 * x) + (y * 5)"{MULTIPLY:"(4.2 * x) "{PRIMITIVE:"(4.2 * x) "{EXPRESSION:"4.2 * x"{SUM:"4.2 * x"{MULTIPLY:"4.2 * x"{PRIMITIVE:"4.2 "{NUMBER:"4.2",WHITESPACE:" "},WHITESPACE:" ",PRIMITIVE:"x"{VARIABLE:"x"}}}},WHITESPACE:" "}},WHITESPACE:" ",MULTIPLY:"(y * 5)"{PRIMITIVE:"(y * 5)"{EXPRESSION:"y * 5"{SUM:"y * 5"{MULTIPLY:"y * 5"{PRIMITIVE:"y "{VARIABLE:"y",WHITESPACE:" "},WHITESPACE:" ",PRIMITIVE:"5"{NUMBER:"5"}}}}}}}}}
ROOT:"4.2 * x + y * 5"{EXPRESSION:"4.2 * x + y * 5"{SUM:"4.2 * x + y * 5"{MULTIPLY:"4.2 * x "{PRIMITIVE:"4.2 "{NUMBER:"4.2",WHITESPACE:" "},WHITESPACE:" ",PRIMITIVE:"x "{VARIABLE:"x",WHITESPACE:" "}},WHITESPACE:" ",MULTIPLY:"y * 5"{PRIMITIVE:"y "{VARIABLE:"y",WHITESPACE:" "},WHITESPACE:" ",PRIMITIVE:"5"{NUMBER:"5"}}}}}
ROOT:"(4.2 * x) + (y * 5)"{EXPRESSION:"(4.2 * x) + (y * 5)"{SUM:"(4.2 * x) + (y * 5)"{MULTIPLY:"(4.2 * x) "{PRIMITIVE:"(4.2 * x) "{EXPRESSION:"4.2 * x"{SUM:"4.2 * x"{MULTIPLY:"4.2 * x"{PRIMITIVE:"4.2 "{NUMBER:"4.2",WHITESPACE:" "},WHITESPACE:" ",PRIMITIVE:"x"{VARIABLE:"x"}}}},WHITESPACE:" "}},WHITESPACE:" ",MULTIPLY:"(y * 5)"{PRIMITIVE:"(y * 5)"{EXPRESSION:"y * 5"{SUM:"y * 5"{MULTIPLY:"y * 5"{PRIMITIVE:"y "{VARIABLE:"y",WHITESPACE:" "},WHITESPACE:" ",PRIMITIVE:"5"{NUMBER:"5"}}}}}}}}}
ROOT:"4.2 * x + y * 5"{EXPRESSION:"4.2 * x + y * 5"{SUM:"4.2 * x + y * 5"{MULTIPLY:"4.2 * x "{PRIMITIVE:"4.2 "{NUMBER:"4.2",WHITESPACE:" "},WHITESPACE:" ",PRIMITIVE:"x "{VARIABLE:"x",WHITESPACE:" "}},WHITESPACE:" ",MULTIPLY:"y * 5"{PRIMITIVE:"y "{VARIABLE:"y",WHITESPACE:" "},WHITESPACE:" ",PRIMITIVE:"5"{NUMBER:"5"}}}}}
ROOT:"(4.2 * x) + (y * 5)"{EXPRESSION:"(4.2 * x) + (y * 5)"{SUM:"(4.2 * x) + (y * 5)"{MULTIPLY:"(4.2 * x) "{PRIMITIVE:"(4.2 * x) "{EXPRESSION:"4.2 * x"{SUM:"4.2 * x"{MULTIPLY:"4.2 * x"{PRIMITIVE:"4.2 "{NUMBER:"4.2",WHITESPACE:" "},WHITESPACE:" ",PRIMITIVE:"x"{VARIABLE:"x"}}}},WHITESPACE:" "}},WHITESPACE:" ",MULTIPLY:"(y * 5)"{PRIMITIVE:"(y * 5)"{EXPRESSION:"y * 5"{SUM:"y * 5"{MULTIPLY:"y * 5"{PRIMITIVE:"y "{VARIABLE:"y",WHITESPACE:" "},WHITESPACE:" ",PRIMITIVE:"5"{NUMBER:"5"}}}}}}}}}
ROOT:"4.2 * x + y * 5"{EXPRESSION:"4.2 * x + y * 5"{SUM:"4.2 * x + y * 5"{MULTIPLY:"4.2 * x "{PRIMITIVE:"4.2 "{NUMBER:"4.2",WHITESPACE:" "},WHITESPACE:" ",PRIMITIVE:"x "{VARIABLE:"x",WHITESPACE:" "}},WHITESPACE:" ",MULTIPLY:"y * 5"{PRIMITIVE:"y "{VARIABLE:"y",WHITESPACE:" "},WHITESPACE:" ",PRIMITIVE:"5"{NUMBER:"5"}}}}}
ROOT:"((3 * 5) + 7) * 2"{EXPRESSION:"((3 * 5) + 7) * 2"{SUM:"((3 * 5) + 7) * 2"{MULTIPLY:"((3 * 5) + 7) * 2"{PRIMITIVE:"((3 * 5) + 7) "{EXPRESSION:"(3 * 5) + 7"{SUM:"(3 * 5) + 7"{MULTIPLY:"(3 * 5) "{PRIMITIVE:"(3 * 5) "{EXPRESSION:"3 * 5"{SUM:"3 * 5"{MULTIPLY:"3 * 5"{PRIMITIVE:"3 "{NUMBER:"3",WHITESPACE:" "},WHITESPACE:" ",PRIMITIVE:"5"{NUMBER:"5"}}}},WHITESPACE:" "}},WHITESPACE:" ",MULTIPLY:"7"{PRIMITIVE:"7"{NUMBER:"7"}}}},WHITESPACE:" "},WHITESPACE:" ",PRIMITIVE:"2"{NUMBER:"2"}}}}}
ROOT:"3 * 5 + 7 * 2"{EXPRESSION:"3 * 5 + 7 * 2"{SUM:"3 * 5 + 7 * 2"{MULTIPLY:"3 * 5 "{PRIMITIVE:"3 "{NUMBER:"3",WHITESPACE:" "},WHITESPACE:" ",PRIMITIVE:"5 "{NUMBER:"5",WHITESPACE:" "}},WHITESPACE:" ",MULTIPLY:"7 * 2"{PRIMITIVE:"7 "{NUMBER:"7",WHITESPACE:" "},WHITESPACE:" ",PRIMITIVE:"2"{NUMBER:"2"}}}}}
ROOT:"((3 * 5) + 7) * 2"{EXPRESSION:"((3 * 5) + 7) * 2"{SUM:"((3 * 5) + 7) * 2"{MULTIPLY:"((3 * 5) + 7) * 2"{PRIMITIVE:"((3 * 5) + 7) "{EXPRESSION:"(3 * 5) + 7"{SUM:"(3 * 5) + 7"{MULTIPLY:"(3 * 5) "{PRIMITIVE:"(3 * 5) "{EXPRESSION:"3 * 5"{SUM:"3 * 5"{MULTIPLY:"3 * 5"{PRIMITIVE:"3 "{NUMBER:"3",WHITESPACE:" "},WHITESPACE:" ",PRIMITIVE:"5"{NUMBER:"5"}}}},WHITESPACE:" "}},WHITESPACE:" ",MULTIPLY:"7"{PRIMITIVE:"7"{NUMBER:"7"}}}},WHITESPACE:" "},WHITESPACE:" ",PRIMITIVE:"2"{NUMBER:"2"}}}}}
ROOT:"3 * 5 + 7 * 2"{EXPRESSION:"3 * 5 + 7 * 2"{SUM:"3 * 5 + 7 * 2"{MULTIPLY:"3 * 5 "{PRIMITIVE:"3 "{NUMBER:"3",WHITESPACE:" "},WHITESPACE:" ",PRIMITIVE:"5 "{NUMBER:"5",WHITESPACE:" "}},WHITESPACE:" ",MULTIPLY:"7 * 2"{PRIMITIVE:"7 "{NUMBER:"7",WHITESPACE:" "},WHITESPACE:" ",PRIMITIVE:"2"{NUMBER:"2"}}}}}
ROOT:"((3 * 5) + 7) * 2"{EXPRESSION:"((3 * 5) + 7) * 2"{SUM:"((3 * 5) + 7) * 2"{MULTIPLY:"((3 * 5) + 7) * 2"{PRIMITIVE:"((3 * 5) + 7) "{EXPRESSION:"(3 * 5) + 7"{SUM:"(3 * 5) + 7"{MULTIPLY:"(3 * 5) "{PRIMITIVE:"(3 * 5) "{EXPRESSION:"3 * 5"{SUM:"3 * 5"{MULTIPLY:"3 * 5"{PRIMITIVE:"3 "{NUMBER:"3",WHITESPACE:" "},WHITESPACE:" ",PRIMITIVE:"5"{NUMBER:"5"}}}},WHITESPACE:" "}},WHITESPACE:" ",MULTIPLY:"7"{PRIMITIVE:"7"{NUMBER:"7"}}}},WHITESPACE:" "},WHITESPACE:" ",PRIMITIVE:"2"{NUMBER:"2"}}}}}
ROOT:"3 * 5 + 7 * 2"{EXPRESSION:"3 * 5 + 7 * 2"{SUM:"3 * 5 + 7 * 2"{MULTIPLY:"3 * 5 "{PRIMITIVE:"3 "{NUMBER:"3",WHITESPACE:" "},WHITESPACE:" ",PRIMITIVE:"5 "{NUMBER:"5",WHITESPACE:" "}},WHITESPACE:" ",MULTIPLY:"7 * 2"{PRIMITIVE:"7 "{NUMBER:"7",WHITESPACE:" "},WHITESPACE:" ",PRIMITIVE:"2"{NUMBER:"2"}}}}}
ROOT:"x + y"{EXPRESSION:"x + y"{SUM:"x + y"{MULTIPLY:"x "{PRIMITIVE:"x "{VARIABLE:"x",WHITESPACE:" "}},WHITESPACE:" ",MULTIPLY:"y"{PRIMITIVE:"y"{VARIABLE:"y"}}}}}
ROOT:"y + x"{EXPRESSION:"y + x"{SUM:"y + x"{MULTIPLY:"y "{PRIMITIVE:"y "{VARIABLE:"y",WHITESPACE:" "}},WHITESPACE:" ",MULTIPLY:"x"{PRIMITIVE:"x"{VARIABLE:"x"}}}}}
ROOT:"x + y"{EXPRESSION:"x + y"{SUM:"x + y"{MULTIPLY:"x "{PRIMITIVE:"x "{VARIABLE:"x",WHITESPACE:" "}},WHITESPACE:" ",MULTIPLY:"y"{PRIMITIVE:"y"{VARIABLE:"y"}}}}}
ROOT:"y + x"{EXPRESSION:"y + x"{SUM:"y + x"{MULTIPLY:"y "{PRIMITIVE:"y "{VARIABLE:"y",WHITESPACE:" "}},WHITESPACE:" ",MULTIPLY:"x"{PRIMITIVE:"x"{VARIABLE:"x"}}}}}
ROOT:"x + y"{EXPRESSION:"x + y"{SUM:"x + y"{MULTIPLY:"x "{PRIMITIVE:"x "{VARIABLE:"x",WHITESPACE:" "}},WHITESPACE:" ",MULTIPLY:"y"{PRIMITIVE:"y"{VARIABLE:"y"}}}}}
ROOT:"y + x"{EXPRESSION:"y + x"{SUM:"y + x"{MULTIPLY:"y "{PRIMITIVE:"y "{VARIABLE:"y",WHITESPACE:" "}},WHITESPACE:" ",MULTIPLY:"x"{PRIMITIVE:"x"{VARIABLE:"x"}}}}}
ROOT:"(x + y) * (z + foo)"{EXPRESSION:"(x + y) * (z + foo)"{SUM:"(x + y) * (z + foo)"{MULTIPLY:"(x + y) * (z + foo)"{PRIMITIVE:"(x + y) "{EXPRESSION:"x + y"{SUM:"x + y"{MULTIPLY:"x "{PRIMITIVE:"x "{VARIABLE:"x",WHITESPACE:" "}},WHITESPACE:" ",MULTIPLY:"y"{PRIMITIVE:"y"{VARIABLE:"y"}}}},WHITESPACE:" "},WHITESPACE:" ",PRIMITIVE:"(z + foo)"{EXPRESSION:"z + foo"{SUM:"z + foo"{MULTIPLY:"z "{PRIMITIVE:"z "{VARIABLE:"z",WHITESPACE:" "}},WHITESPACE:" ",MULTIPLY:"foo"{PRIMITIVE:"foo"{VARIABLE:"foo"}}}}}}}}}
ROOT:"(z + foo) * (x + y)"{EXPRESSION:"(z + foo) * (x + y)"{SUM:"(z + foo) * (x + y)"{MULTIPLY:"(z + foo) * (x + y)"{PRIMITIVE:"(z + foo) "{EXPRESSION:"z + foo"{SUM:"z + foo"{MULTIPLY:"z "{PRIMITIVE:"z "{VARIABLE:"z",WHITESPACE:" "}},WHITESPACE:" ",MULTIPLY:"foo"{PRIMITIVE:"foo"{VARIABLE:"foo"}}}},WHITESPACE:" "},WHITESPACE:" ",PRIMITIVE:"(x + y)"{EXPRESSION:"x + y"{SUM:"x + y"{MULTIPLY:"x "{PRIMITIVE:"x "{VARIABLE:"x",WHITESPACE:" "}},WHITESPACE:" ",MULTIPLY:"y"{PRIMITIVE:"y"{VARIABLE:"y"}}}}}}}}}
ROOT:"(x + y) * (z + foo)"{EXPRESSION:"(x + y) * (z + foo)"{SUM:"(x + y) * (z + foo)"{MULTIPLY:"(x + y) * (z + foo)"{PRIMITIVE:"(x + y) "{EXPRESSION:"x + y"{SUM:"x + y"{MULTIPLY:"x "{PRIMITIVE:"x "{VARIABLE:"x",WHITESPACE:" "}},WHITESPACE:" ",MULTIPLY:"y"{PRIMITIVE:"y"{VARIABLE:"y"}}}},WHITESPACE:" "},WHITESPACE:" ",PRIMITIVE:"(z + foo)"{EXPRESSION:"z + foo"{SUM:"z + foo"{MULTIPLY:"z "{PRIMITIVE:"z "{VARIABLE:"z",WHITESPACE:" "}},WHITESPACE:" ",MULTIPLY:"foo"{PRIMITIVE:"foo"{VARIABLE:"foo"}}}}}}}}}
ROOT:"(z + foo) * (x + y)"{EXPRESSION:"(z + foo) * (x + y)"{SUM:"(z + foo) * (x + y)"{MULTIPLY:"(z + foo) * (x + y)"{PRIMITIVE:"(z + foo) "{EXPRESSION:"z + foo"{SUM:"z + foo"{MULTIPLY:"z "{PRIMITIVE:"z "{VARIABLE:"z",WHITESPACE:" "}},WHITESPACE:" ",MULTIPLY:"foo"{PRIMITIVE:"foo"{VARIABLE:"foo"}}}},WHITESPACE:" "},WHITESPACE:" ",PRIMITIVE:"(x + y)"{EXPRESSION:"x + y"{SUM:"x + y"{MULTIPLY:"x "{PRIMITIVE:"x "{VARIABLE:"x",WHITESPACE:" "}},WHITESPACE:" ",MULTIPLY:"y"{PRIMITIVE:"y"{VARIABLE:"y"}}}}}}}}}
ROOT:"(x + y) * (z + foo)"{EXPRESSION:"(x + y) * (z + foo)"{SUM:"(x + y) * (z + foo)"{MULTIPLY:"(x + y) * (z + foo)"{PRIMITIVE:"(x + y) "{EXPRESSION:"x + y"{SUM:"x + y"{MULTIPLY:"x "{PRIMITIVE:"x "{VARIABLE:"x",WHITESPACE:" "}},WHITESPACE:" ",MULTIPLY:"y"{PRIMITIVE:"y"{VARIABLE:"y"}}}},WHITESPACE:" "},WHITESPACE:" ",PRIMITIVE:"(z + foo)"{EXPRESSION:"z + foo"{SUM:"z + foo"{MULTIPLY:"z "{PRIMITIVE:"z "{VARIABLE:"z",WHITESPACE:" "}},WHITESPACE:" ",MULTIPLY:"foo"{PRIMITIVE:"foo"{VARIABLE:"foo"}}}}}}}}}
ROOT:"(z + foo) * (x + y)"{EXPRESSION:"(z + foo) * (x + y)"{SUM:"(z + foo) * (x + y)"{MULTIPLY:"(z + foo) * (x + y)"{PRIMITIVE:"(z + foo) "{EXPRESSION:"z + foo"{SUM:"z + foo"{MULTIPLY:"z "{PRIMITIVE:"z "{VARIABLE:"z",WHITESPACE:" "}},WHITESPACE:" ",MULTIPLY:"foo"{PRIMITIVE:"foo"{VARIABLE:"foo"}}}},WHITESPACE:" "},WHITESPACE:" ",PRIMITIVE:"(x + y)"{EXPRESSION:"x + y"{SUM:"x + y"{MULTIPLY:"x "{PRIMITIVE:"x "{VARIABLE:"x",WHITESPACE:" "}},WHITESPACE:" ",MULTIPLY:"y"{PRIMITIVE:"y"{VARIABLE:"y"}}}}}}}}}
]]></system-out>
  <system-err><![CDATA[]]></system-err>
</testsuite>
